[inst_691e0badee487] WebSocket server initialized on port 3010
Iniciando instância: inst_691e0badee487 Porta: 3010
node:events:502
      throw er; // Unhandled 'error' event
      ^

Error: listen EADDRINUSE: address already in use :::3010
    at Server.setupListenHandle [as _listen2] (node:net:1908:16)
    at listenInCluster (node:net:1965:12)
    at Server.listen (node:net:2067:7)
    at Object.<anonymous> (/var/www/html/admin.janeri.com.br/api/envio/wpp/whatsapp-server.js:355:8)
    at Module._compile (node:internal/modules/cjs/loader:1521:14)
    at Module._extensions..js (node:internal/modules/cjs/loader:1623:10)
    at Module.load (node:internal/modules/cjs/loader:1266:32)
    at Module._load (node:internal/modules/cjs/loader:1091:12)
    at Function.executeUserEntryPoint [as runMain] (node:internal/modules/run_main:164:12)
    at node:internal/main/run_main_module:28:49
Emitted 'error' event on WebSocketServer instance at:
    at Server.emit (node:events:524:28)
    at emitErrorNT (node:net:1944:8)
    at process.processTicksAndRejections (node:internal/process/task_queues:82:21) {
  code: 'EADDRINUSE',
  errno: -98,
  syscall: 'listen',
  address: '::',
  port: 3010
}

Node.js v20.19.5
