[2026-03-07T11:28:23.774Z] Master server started on port 3001
[2026-03-07T11:28:23.778Z] [DEBUG] [component=master-server | type=general] Master server started on port 3001
[2026-03-07T11:28:23.779Z] Starting health monitoring
[2026-03-07T11:28:23.781Z] Connected to database
[2026-03-07T11:28:23.789Z] Tables created/verified
[2026-03-07T11:28:23.798Z] Loaded 4 total instances
[2026-03-07T11:28:23.798Z] Loaded 4 instances from database
[2026-03-07T11:28:23.799Z] [DEBUG] [component=master-server | type=general] Loaded 4 instances from database
[2026-03-07T11:28:23.799Z] Instance: inst_425baca956a22f2a, status: qr, port: 3010
[2026-03-07T11:28:23.800Z] [DEBUG] [component=master-server | type=general] Instance: inst_425baca956a22f2a, status: qr, port: 3010
[2026-03-07T11:28:23.800Z] Starting worker for instance inst_425baca956a22f2a on port 3010
[2026-03-07T11:28:23.800Z] [DEBUG] [component=master-server | type=general] Starting worker for instance inst_425baca956a22f2a on port 3010
[2026-03-07T11:28:23.801Z] Cleaning up any process on port 3010...
[2026-03-07T11:28:23.802Z] [DEBUG] [component=worker-manager | type=general] Cleaning up any process on port 3010...
[2026-03-07T11:28:23.810Z] Instance: inst_6992ec9e78d1c, status: connected, port: 3011
[2026-03-07T11:28:23.810Z] [DEBUG] [component=master-server | type=general] Instance: inst_6992ec9e78d1c, status: connected, port: 3011
[2026-03-07T11:28:23.811Z] Starting worker for instance inst_6992ec9e78d1c on port 3011
[2026-03-07T11:28:23.811Z] [DEBUG] [component=master-server | type=general] Starting worker for instance inst_6992ec9e78d1c on port 3011
[2026-03-07T11:28:23.812Z] Cleaning up any process on port 3011...
[2026-03-07T11:28:23.812Z] [DEBUG] [component=worker-manager | type=general] Cleaning up any process on port 3011...
[2026-03-07T11:28:23.816Z] Instance: inst_6992ed0c735f0, status: connected, port: 3013
[2026-03-07T11:28:23.816Z] [DEBUG] [component=master-server | type=general] Instance: inst_6992ed0c735f0, status: connected, port: 3013
[2026-03-07T11:28:23.816Z] Starting worker for instance inst_6992ed0c735f0 on port 3013
[2026-03-07T11:28:23.817Z] [DEBUG] [component=master-server | type=general] Starting worker for instance inst_6992ed0c735f0 on port 3013
[2026-03-07T11:28:23.817Z] Cleaning up any process on port 3013...
[2026-03-07T11:28:23.818Z] [DEBUG] [component=worker-manager | type=general] Cleaning up any process on port 3013...
[2026-03-07T11:28:23.821Z] Instance: inst_6992eddf5c2a7, status: connected, port: 3017
[2026-03-07T11:28:23.822Z] [DEBUG] [component=master-server | type=general] Instance: inst_6992eddf5c2a7, status: connected, port: 3017
[2026-03-07T11:28:23.822Z] Starting worker for instance inst_6992eddf5c2a7 on port 3017
[2026-03-07T11:28:23.822Z] [DEBUG] [component=master-server | type=general] Starting worker for instance inst_6992eddf5c2a7 on port 3017
[2026-03-07T11:28:23.823Z] Cleaning up any process on port 3017...
[2026-03-07T11:28:23.823Z] [DEBUG] [component=worker-manager | type=general] Cleaning up any process on port 3017...
[2026-03-07T11:28:24.846Z] Starting worker for instance inst_6992ed0c735f0 on port 3013
[2026-03-07T11:28:24.846Z] [DEBUG] [component=worker-manager | type=general] Starting worker for instance inst_6992ed0c735f0 on port 3013
[2026-03-07T11:28:24.858Z] Starting worker for instance inst_6992ec9e78d1c on port 3011
[2026-03-07T11:28:24.858Z] [DEBUG] [component=worker-manager | type=general] Starting worker for instance inst_6992ec9e78d1c on port 3011
[2026-03-07T11:28:24.862Z] Starting worker for instance inst_425baca956a22f2a on port 3010
[2026-03-07T11:28:24.862Z] [DEBUG] [component=worker-manager | type=general] Starting worker for instance inst_425baca956a22f2a on port 3010
[2026-03-07T11:28:24.866Z] Starting worker for instance inst_6992eddf5c2a7 on port 3017
[2026-03-07T11:28:24.866Z] [DEBUG] [component=worker-manager | type=general] Starting worker for instance inst_6992eddf5c2a7 on port 3017
[2026-03-07T11:28:27.891Z] Worker inst_425baca956a22f2a is ready after 1 attempts
[2026-03-07T11:28:27.891Z] [DEBUG] [component=worker-manager | type=general] Worker inst_425baca956a22f2a is ready after 1 attempts
[2026-03-07T11:28:27.896Z] Worker inst_6992ec9e78d1c is ready after 1 attempts
[2026-03-07T11:28:27.897Z] [DEBUG] [component=worker-manager | type=general] Worker inst_6992ec9e78d1c is ready after 1 attempts
[2026-03-07T11:28:27.899Z] Worker started for instance inst_425baca956a22f2a
[2026-03-07T11:28:27.899Z] [DEBUG] [component=worker-manager | type=general] Worker started for instance inst_425baca956a22f2a
[2026-03-07T11:28:27.900Z] Worker started for instance inst_6992ec9e78d1c
[2026-03-07T11:28:27.903Z] [DEBUG] [component=worker-manager | type=general] Worker started for instance inst_6992ec9e78d1c
[2026-03-07T11:28:28.067Z] Worker inst_6992eddf5c2a7 is ready after 1 attempts
[2026-03-07T11:28:28.068Z] [DEBUG] [component=worker-manager | type=general] Worker inst_6992eddf5c2a7 is ready after 1 attempts
[2026-03-07T11:28:28.070Z] Worker started for instance inst_6992eddf5c2a7
[2026-03-07T11:28:28.070Z] [DEBUG] [component=worker-manager | type=general] Worker started for instance inst_6992eddf5c2a7
[2026-03-07T11:28:28.109Z] Worker inst_6992ed0c735f0 is ready after 1 attempts
[2026-03-07T11:28:28.109Z] [DEBUG] [component=worker-manager | type=general] Worker inst_6992ed0c735f0 is ready after 1 attempts
[2026-03-07T11:28:28.111Z] Worker started for instance inst_6992ed0c735f0
[2026-03-07T11:28:28.112Z] [DEBUG] [component=worker-manager | type=general] Worker started for instance inst_6992ed0c735f0
[2026-03-07T11:28:28.782Z] Loaded 4 total instances
[2026-03-07T11:28:33.780Z] [VIGILANTE] Iniciando varredura de processos fantasmas...
[2026-03-07T11:28:33.781Z] [DEBUG] [component=master-server | type=general] [VIGILANTE] Iniciando varredura de processos fantasmas...
[2026-03-07T11:28:53.790Z] Loaded 4 total instances
[2026-03-07T11:29:23.798Z] Loaded 4 total instances
[2026-03-07T11:29:53.801Z] Loaded 4 total instances
[2026-03-07T11:30:23.780Z] [VIGILANTE] Iniciando varredura de processos fantasmas...
[2026-03-07T11:30:23.781Z] [DEBUG] [component=master-server | type=general] [VIGILANTE] Iniciando varredura de processos fantasmas...
[2026-03-07T11:30:23.808Z] Loaded 4 total instances
[2026-03-07T11:30:53.801Z] Loaded 4 total instances
[2026-03-07T11:31:23.830Z] Loaded 4 total instances
[2026-03-07T11:31:53.830Z] Loaded 4 total instances
[2026-03-07T11:32:23.810Z] [VIGILANTE] Iniciando varredura de processos fantasmas...
[2026-03-07T11:32:23.810Z] [DEBUG] [component=master-server | type=general] [VIGILANTE] Iniciando varredura de processos fantasmas...
[2026-03-07T11:32:23.832Z] Loaded 4 total instances
[2026-03-07T11:32:53.847Z] Loaded 4 total instances
[2026-03-07T11:33:23.869Z] Loaded 4 total instances
[2026-03-07T11:33:53.883Z] Loaded 4 total instances
[2026-03-07T11:34:23.815Z] [VIGILANTE] Iniciando varredura de processos fantasmas...
[2026-03-07T11:34:23.815Z] [DEBUG] [component=master-server | type=general] [VIGILANTE] Iniciando varredura de processos fantasmas...
[2026-03-07T11:34:23.884Z] Loaded 4 total instances
[2026-03-07T11:34:53.915Z] Loaded 4 total instances
[2026-03-07T11:35:23.916Z] Loaded 4 total instances
[2026-03-07T11:35:53.935Z] Loaded 4 total instances
[2026-03-07T11:36:23.845Z] [VIGILANTE] Iniciando varredura de processos fantasmas...
[2026-03-07T11:36:23.845Z] [DEBUG] [component=master-server | type=general] [VIGILANTE] Iniciando varredura de processos fantasmas...
[2026-03-07T11:36:23.936Z] Loaded 4 total instances
[2026-03-07T11:36:53.940Z] Loaded 4 total instances
[2026-03-07T11:37:23.947Z] Loaded 4 total instances
[2026-03-07T11:37:53.959Z] Loaded 4 total instances
[2026-03-07T11:38:23.871Z] [VIGILANTE] Iniciando varredura de processos fantasmas...
[2026-03-07T11:38:23.872Z] [DEBUG] [component=master-server | type=general] [VIGILANTE] Iniciando varredura de processos fantasmas...
[2026-03-07T11:38:23.960Z] Loaded 4 total instances
[2026-03-07T11:38:53.972Z] Loaded 4 total instances
[2026-03-07T11:39:23.981Z] Loaded 4 total instances
[2026-03-07T11:39:53.986Z] Loaded 4 total instances
[2026-03-07T11:40:23.901Z] [VIGILANTE] Iniciando varredura de processos fantasmas...
[2026-03-07T11:40:23.902Z] [DEBUG] [component=master-server | type=general] [VIGILANTE] Iniciando varredura de processos fantasmas...
[2026-03-07T11:40:23.984Z] Loaded 4 total instances
[2026-03-07T11:40:54.013Z] Loaded 4 total instances
[2026-03-07T11:41:24.039Z] Loaded 4 total instances
[2026-03-07T11:41:54.067Z] Loaded 4 total instances
[2026-03-07T11:42:23.930Z] [VIGILANTE] Iniciando varredura de processos fantasmas...
[2026-03-07T11:42:23.930Z] [DEBUG] [component=master-server | type=general] [VIGILANTE] Iniciando varredura de processos fantasmas...
[2026-03-07T11:42:24.068Z] Loaded 4 total instances
[2026-03-07T11:42:54.086Z] Loaded 4 total instances
[2026-03-07T11:43:24.115Z] Loaded 4 total instances
[2026-03-07T11:43:54.145Z] Loaded 4 total instances
[2026-03-07T11:44:23.951Z] [VIGILANTE] Iniciando varredura de processos fantasmas...
[2026-03-07T11:44:23.951Z] [DEBUG] [component=master-server | type=general] [VIGILANTE] Iniciando varredura de processos fantasmas...
[2026-03-07T11:44:24.146Z] Loaded 4 total instances
[2026-03-07T11:44:54.161Z] Loaded 4 total instances
[2026-03-07T11:45:24.191Z] Loaded 4 total instances
[2026-03-07T11:45:54.221Z] Loaded 4 total instances
[2026-03-07T11:46:23.978Z] [VIGILANTE] Iniciando varredura de processos fantasmas...
[2026-03-07T11:46:23.979Z] [DEBUG] [component=master-server | type=general] [VIGILANTE] Iniciando varredura de processos fantasmas...
[2026-03-07T11:46:24.222Z] Loaded 4 total instances
[2026-03-07T11:46:54.234Z] Loaded 4 total instances
[2026-03-07T11:47:24.259Z] Loaded 4 total instances
[2026-03-07T11:47:54.268Z] Loaded 4 total instances
[2026-03-07T11:48:24.009Z] [VIGILANTE] Iniciando varredura de processos fantasmas...
[2026-03-07T11:48:24.009Z] [DEBUG] [component=master-server | type=general] [VIGILANTE] Iniciando varredura de processos fantasmas...
[2026-03-07T11:48:24.269Z] Loaded 4 total instances
[2026-03-07T11:48:54.299Z] Loaded 4 total instances
[2026-03-07T11:49:24.320Z] Loaded 4 total instances
[2026-03-07T11:49:54.340Z] Loaded 4 total instances
[2026-03-07T11:50:24.034Z] [VIGILANTE] Iniciando varredura de processos fantasmas...
[2026-03-07T11:50:24.035Z] [DEBUG] [component=master-server | type=general] [VIGILANTE] Iniciando varredura de processos fantasmas...
[2026-03-07T11:50:24.341Z] Loaded 4 total instances
[2026-03-07T11:50:54.363Z] Loaded 4 total instances
[2026-03-07T11:51:24.387Z] Loaded 4 total instances
[2026-03-07T11:51:54.416Z] Loaded 4 total instances
[2026-03-07T11:52:24.059Z] [VIGILANTE] Iniciando varredura de processos fantasmas...
[2026-03-07T11:52:24.060Z] [DEBUG] [component=master-server | type=general] [VIGILANTE] Iniciando varredura de processos fantasmas...
[2026-03-07T11:52:24.417Z] Loaded 4 total instances
[2026-03-07T11:52:54.446Z] Loaded 4 total instances
[2026-03-07T11:53:24.475Z] Loaded 4 total instances
[2026-03-07T11:53:54.505Z] Loaded 4 total instances
[2026-03-07T11:54:24.062Z] [VIGILANTE] Iniciando varredura de processos fantasmas...
[2026-03-07T11:54:24.062Z] [DEBUG] [component=master-server | type=general] [VIGILANTE] Iniciando varredura de processos fantasmas...
[2026-03-07T11:54:24.506Z] Loaded 4 total instances
